{"C:\\Users\\vitor\\Faculdadade\\ProjetoFit\\apps\\mobile\\app\\_layout.tsx": {"path":"C:\\Users\\vitor\\Faculdadade\\ProjetoFit\\apps\\mobile\\app\\_layout.tsx","statementMap":{"0":{"start":{"line":6,"column":20},"end":{"line":6,"column":37}},"1":{"start":{"line":9,"column":2},"end":{"line":20,"column":4}}},"fnMap":{"0":{"name":"RootLayout","decl":{"start":{"line":8,"column":24},"end":{"line":8,"column":34}},"loc":{"start":{"line":8,"column":37},"end":{"line":21,"column":1}},"line":8}},"branchMap":{},"s":{"0":0,"1":0},"f":{"0":0},"b":{}}
,"C:\\Users\\vitor\\Faculdadade\\ProjetoFit\\apps\\mobile\\app\\index.tsx": {"path":"C:\\Users\\vitor\\Faculdadade\\ProjetoFit\\apps\\mobile\\app\\index.tsx","statementMap":{"0":{"start":{"line":6,"column":17},"end":{"line":6,"column":28}},"1":{"start":{"line":8,"column":2},"end":{"line":15,"column":15}},"2":{"start":{"line":10,"column":20},"end":{"line":10,"column":49}},"3":{"start":{"line":11,"column":6},"end":{"line":11,"column":67}},"4":{"start":{"line":14,"column":4},"end":{"line":14,"column":16}},"5":{"start":{"line":17,"column":2},"end":{"line":17,"column":14}}},"fnMap":{"0":{"name":"RootIndex","decl":{"start":{"line":5,"column":24},"end":{"line":5,"column":33}},"loc":{"start":{"line":5,"column":36},"end":{"line":18,"column":1}},"line":5},"1":{"name":"(anonymous_1)","decl":{"start":{"line":8,"column":12},"end":{"line":8,"column":13}},"loc":{"start":{"line":8,"column":18},"end":{"line":15,"column":3}},"line":8},"2":{"name":"checkAuth","decl":{"start":{"line":9,"column":19},"end":{"line":9,"column":28}},"loc":{"start":{"line":9,"column":31},"end":{"line":12,"column":5}},"line":9}},"branchMap":{"0":{"loc":{"start":{"line":11,"column":21},"end":{"line":11,"column":65}},"type":"cond-expr","locations":[{"start":{"line":11,"column":29},"end":{"line":11,"column":47}},{"start":{"line":11,"column":50},"end":{"line":11,"column":65}}],"line":11}},"s":{"0":0,"1":0,"2":0,"3":0,"4":0,"5":0},"f":{"0":0,"1":0,"2":0},"b":{"0":[0,0]}}
,"C:\\Users\\vitor\\Faculdadade\\ProjetoFit\\apps\\mobile\\app\\(auth)\\_layout.tsx": {"path":"C:\\Users\\vitor\\Faculdadade\\ProjetoFit\\apps\\mobile\\app\\(auth)\\_layout.tsx","statementMap":{"0":{"start":{"line":4,"column":2},"end":{"line":10,"column":4}}},"fnMap":{"0":{"name":"AuthLayout","decl":{"start":{"line":3,"column":24},"end":{"line":3,"column":34}},"loc":{"start":{"line":3,"column":37},"end":{"line":11,"column":1}},"line":3}},"branchMap":{},"s":{"0":0},"f":{"0":0},"b":{}}
,"C:\\Users\\vitor\\Faculdadade\\ProjetoFit\\apps\\mobile\\app\\(auth)\\index.tsx": {"path":"C:\\Users\\vitor\\Faculdadade\\ProjetoFit\\apps\\mobile\\app\\(auth)\\index.tsx","statementMap":{"0":{"start":{"line":5,"column":17},"end":{"line":5,"column":28}},"1":{"start":{"line":7,"column":2},"end":{"line":9,"column":15}},"2":{"start":{"line":8,"column":4},"end":{"line":8,"column":36}},"3":{"start":{"line":11,"column":2},"end":{"line":11,"column":14}}},"fnMap":{"0":{"name":"AuthIndex","decl":{"start":{"line":4,"column":24},"end":{"line":4,"column":33}},"loc":{"start":{"line":4,"column":36},"end":{"line":12,"column":1}},"line":4},"1":{"name":"(anonymous_1)","decl":{"start":{"line":7,"column":12},"end":{"line":7,"column":13}},"loc":{"start":{"line":7,"column":18},"end":{"line":9,"column":3}},"line":7}},"branchMap":{},"s":{"0":0,"1":0,"2":0,"3":0},"f":{"0":0,"1":0},"b":{}}
,"C:\\Users\\vitor\\Faculdadade\\ProjetoFit\\apps\\mobile\\app\\(auth)\\login.tsx": {"path":"C:\\Users\\vitor\\Faculdadade\\ProjetoFit\\apps\\mobile\\app\\(auth)\\login.tsx","statementMap":{"0":{"start":{"line":9,"column":26},"end":{"line":12,"column":2}},"1":{"start":{"line":14,"column":28},"end":{"line":17,"column":2}},"2":{"start":{"line":20,"column":17},"end":{"line":20,"column":28}},"3":{"start":{"line":21,"column":28},"end":{"line":21,"column":40}},"4":{"start":{"line":22,"column":34},"end":{"line":22,"column":46}},"5":{"start":{"line":23,"column":32},"end":{"line":23,"column":47}},"6":{"start":{"line":24,"column":28},"end":{"line":24,"column":40}},"7":{"start":{"line":26,"column":22},"end":{"line":54,"column":3}},"8":{"start":{"line":27,"column":24},"end":{"line":27,"column":72}},"9":{"start":{"line":28,"column":4},"end":{"line":31,"column":5}},"10":{"start":{"line":29,"column":6},"end":{"line":29,"column":52}},"11":{"start":{"line":30,"column":6},"end":{"line":30,"column":13}},"12":{"start":{"line":33,"column":4},"end":{"line":33,"column":21}},"13":{"start":{"line":34,"column":4},"end":{"line":34,"column":17}},"14":{"start":{"line":36,"column":4},"end":{"line":53,"column":5}},"15":{"start":{"line":37,"column":23},"end":{"line":37,"column":74}},"16":{"start":{"line":38,"column":21},"end":{"line":38,"column":65}},"17":{"start":{"line":39,"column":6},"end":{"line":41,"column":7}},"18":{"start":{"line":40,"column":8},"end":{"line":40,"column":55}},"19":{"start":{"line":43,"column":6},"end":{"line":43,"column":53}},"20":{"start":{"line":44,"column":6},"end":{"line":46,"column":7}},"21":{"start":{"line":45,"column":8},"end":{"line":45,"column":69}},"22":{"start":{"line":48,"column":6},"end":{"line":48,"column":41}},"23":{"start":{"line":50,"column":6},"end":{"line":50,"column":41}},"24":{"start":{"line":52,"column":6},"end":{"line":52,"column":24}},"25":{"start":{"line":56,"column":2},"end":{"line":119,"column":4}},"26":{"start":{"line":113,"column":25},"end":{"line":113,"column":54}}},"fnMap":{"0":{"name":"LoginScreen","decl":{"start":{"line":19,"column":24},"end":{"line":19,"column":35}},"loc":{"start":{"line":19,"column":38},"end":{"line":120,"column":1}},"line":19},"1":{"name":"(anonymous_1)","decl":{"start":{"line":26,"column":22},"end":{"line":26,"column":23}},"loc":{"start":{"line":26,"column":34},"end":{"line":54,"column":3}},"line":26},"2":{"name":"(anonymous_2)","decl":{"start":{"line":113,"column":19},"end":{"line":113,"column":20}},"loc":{"start":{"line":113,"column":25},"end":{"line":113,"column":54}},"line":113}},"branchMap":{"0":{"loc":{"start":{"line":28,"column":4},"end":{"line":31,"column":5}},"type":"if","locations":[{"start":{"line":28,"column":4},"end":{"line":31,"column":5}},{"start":{},"end":{}}],"line":28},"1":{"loc":{"start":{"line":39,"column":6},"end":{"line":41,"column":7}},"type":"if","locations":[{"start":{"line":39,"column":6},"end":{"line":41,"column":7}},{"start":{},"end":{}}],"line":39},"2":{"loc":{"start":{"line":44,"column":6},"end":{"line":46,"column":7}},"type":"if","locations":[{"start":{"line":44,"column":6},"end":{"line":46,"column":7}},{"start":{},"end":{}}],"line":44},"3":{"loc":{"start":{"line":61,"column":7},"end":{"line":68,"column":14}},"type":"cond-expr","locations":[{"start":{"line":62,"column":8},"end":{"line":67,"column":15}},{"start":{"line":68,"column":10},"end":{"line":68,"column":14}}],"line":61},"4":{"loc":{"start":{"line":104,"column":11},"end":{"line":104,"column":47}},"type":"cond-expr","locations":[{"start":{"line":104,"column":21},"end":{"line":104,"column":36}},{"start":{"line":104,"column":39},"end":{"line":104,"column":47}}],"line":104}},"s":{"0":1,"1":1,"2":35,"3":35,"4":35,"5":35,"6":35,"7":35,"8":9,"9":9,"10":3,"11":3,"12":6,"13":6,"14":6,"15":6,"16":4,"17":4,"18":1,"19":3,"20":3,"21":1,"22":3,"23":3,"24":6,"25":35,"26":0},"f":{"0":35,"1":9,"2":0},"b":{"0":[3,6],"1":[1,3],"2":[1,2],"3":[6,29],"4":[1,34]},"_coverageSchema":"1a1c01bbd47fc00a2c39e90264f33305004495a9","hash":"bf233ebe5172dab75dbb9a18a6f6e0f10bf61e9d"}
,"C:\\Users\\vitor\\Faculdadade\\ProjetoFit\\apps\\mobile\\app\\(auth)\\signup.tsx": {"path":"C:\\Users\\vitor\\Faculdadade\\ProjetoFit\\apps\\mobile\\app\\(auth)\\signup.tsx","statementMap":{"0":{"start":{"line":9,"column":21},"end":{"line":13,"column":2}},"1":{"start":{"line":15,"column":29},"end":{"line":18,"column":2}},"2":{"start":{"line":21,"column":17},"end":{"line":21,"column":28}},"3":{"start":{"line":22,"column":26},"end":{"line":22,"column":38}},"4":{"start":{"line":23,"column":28},"end":{"line":23,"column":40}},"5":{"start":{"line":24,"column":34},"end":{"line":24,"column":46}},"6":{"start":{"line":25,"column":32},"end":{"line":25,"column":47}},"7":{"start":{"line":26,"column":28},"end":{"line":26,"column":40}},"8":{"start":{"line":28,"column":23},"end":{"line":56,"column":3}},"9":{"start":{"line":29,"column":18},"end":{"line":29,"column":67}},"10":{"start":{"line":30,"column":4},"end":{"line":33,"column":5}},"11":{"start":{"line":31,"column":6},"end":{"line":31,"column":46}},"12":{"start":{"line":32,"column":6},"end":{"line":32,"column":13}},"13":{"start":{"line":35,"column":4},"end":{"line":35,"column":21}},"14":{"start":{"line":36,"column":4},"end":{"line":36,"column":17}},"15":{"start":{"line":38,"column":4},"end":{"line":55,"column":5}},"16":{"start":{"line":39,"column":23},"end":{"line":39,"column":71}},"17":{"start":{"line":40,"column":21},"end":{"line":40,"column":66}},"18":{"start":{"line":41,"column":6},"end":{"line":43,"column":7}},"19":{"start":{"line":42,"column":8},"end":{"line":42,"column":58}},"20":{"start":{"line":45,"column":6},"end":{"line":45,"column":53}},"21":{"start":{"line":46,"column":6},"end":{"line":48,"column":7}},"22":{"start":{"line":47,"column":8},"end":{"line":47,"column":69}},"23":{"start":{"line":50,"column":6},"end":{"line":50,"column":41}},"24":{"start":{"line":52,"column":6},"end":{"line":52,"column":41}},"25":{"start":{"line":54,"column":6},"end":{"line":54,"column":24}},"26":{"start":{"line":58,"column":2},"end":{"line":132,"column":4}},"27":{"start":{"line":126,"column":25},"end":{"line":126,"column":56}}},"fnMap":{"0":{"name":"SignupScreen","decl":{"start":{"line":20,"column":24},"end":{"line":20,"column":36}},"loc":{"start":{"line":20,"column":39},"end":{"line":133,"column":1}},"line":20},"1":{"name":"(anonymous_1)","decl":{"start":{"line":28,"column":23},"end":{"line":28,"column":24}},"loc":{"start":{"line":28,"column":35},"end":{"line":56,"column":3}},"line":28},"2":{"name":"(anonymous_2)","decl":{"start":{"line":126,"column":19},"end":{"line":126,"column":20}},"loc":{"start":{"line":126,"column":25},"end":{"line":126,"column":56}},"line":126}},"branchMap":{"0":{"loc":{"start":{"line":30,"column":4},"end":{"line":33,"column":5}},"type":"if","locations":[{"start":{"line":30,"column":4},"end":{"line":33,"column":5}},{"start":{},"end":{}}],"line":30},"1":{"loc":{"start":{"line":41,"column":6},"end":{"line":43,"column":7}},"type":"if","locations":[{"start":{"line":41,"column":6},"end":{"line":43,"column":7}},{"start":{},"end":{}}],"line":41},"2":{"loc":{"start":{"line":46,"column":6},"end":{"line":48,"column":7}},"type":"if","locations":[{"start":{"line":46,"column":6},"end":{"line":48,"column":7}},{"start":{},"end":{}}],"line":46},"3":{"loc":{"start":{"line":63,"column":7},"end":{"line":70,"column":14}},"type":"cond-expr","locations":[{"start":{"line":64,"column":8},"end":{"line":69,"column":15}},{"start":{"line":70,"column":10},"end":{"line":70,"column":14}}],"line":63},"4":{"loc":{"start":{"line":117,"column":11},"end":{"line":117,"column":49}},"type":"cond-expr","locations":[{"start":{"line":117,"column":21},"end":{"line":117,"column":33}},{"start":{"line":117,"column":36},"end":{"line":117,"column":49}}],"line":117}},"s":{"0":1,"1":1,"2":27,"3":27,"4":27,"5":27,"6":27,"7":27,"8":27,"9":6,"10":6,"11":3,"12":3,"13":3,"14":3,"15":3,"16":3,"17":2,"18":2,"19":1,"20":1,"21":1,"22":0,"23":1,"24":2,"25":3,"26":27,"27":0},"f":{"0":27,"1":6,"2":0},"b":{"0":[3,3],"1":[1,1],"2":[0,1],"3":[5,22],"4":[0,27]},"_coverageSchema":"1a1c01bbd47fc00a2c39e90264f33305004495a9","hash":"82bfc70ee0f1dbd76575b3799e70b71a054108b2"}
,"C:\\Users\\vitor\\Faculdadade\\ProjetoFit\\apps\\mobile\\app\\(tabs)\\_layout.tsx": {"path":"C:\\Users\\vitor\\Faculdadade\\ProjetoFit\\apps\\mobile\\app\\(tabs)\\_layout.tsx","statementMap":{"0":{"start":{"line":5,"column":2},"end":{"line":47,"column":4}},"1":{"start":{"line":22,"column":37},"end":{"line":22,"column":78}},"2":{"start":{"line":29,"column":37},"end":{"line":29,"column":77}},"3":{"start":{"line":36,"column":37},"end":{"line":36,"column":77}},"4":{"start":{"line":43,"column":37},"end":{"line":43,"column":77}}},"fnMap":{"0":{"name":"TabsLayout","decl":{"start":{"line":4,"column":24},"end":{"line":4,"column":34}},"loc":{"start":{"line":4,"column":37},"end":{"line":48,"column":1}},"line":4},"1":{"name":"(anonymous_1)","decl":{"start":{"line":22,"column":22},"end":{"line":22,"column":23}},"loc":{"start":{"line":22,"column":37},"end":{"line":22,"column":78}},"line":22},"2":{"name":"(anonymous_2)","decl":{"start":{"line":29,"column":22},"end":{"line":29,"column":23}},"loc":{"start":{"line":29,"column":37},"end":{"line":29,"column":77}},"line":29},"3":{"name":"(anonymous_3)","decl":{"start":{"line":36,"column":22},"end":{"line":36,"column":23}},"loc":{"start":{"line":36,"column":37},"end":{"line":36,"column":77}},"line":36},"4":{"name":"(anonymous_4)","decl":{"start":{"line":43,"column":22},"end":{"line":43,"column":23}},"loc":{"start":{"line":43,"column":37},"end":{"line":43,"column":77}},"line":43}},"branchMap":{},"s":{"0":0,"1":0,"2":0,"3":0,"4":0},"f":{"0":0,"1":0,"2":0,"3":0,"4":0},"b":{}}
,"C:\\Users\\vitor\\Faculdadade\\ProjetoFit\\apps\\mobile\\app\\(tabs)\\exercises.tsx": {"path":"C:\\Users\\vitor\\Faculdadade\\ProjetoFit\\apps\\mobile\\app\\(tabs)\\exercises.tsx","statementMap":{"0":{"start":{"line":12,"column":30},"end":{"line":12,"column":42}},"1":{"start":{"line":13,"column":48},"end":{"line":13,"column":68}},"2":{"start":{"line":15,"column":2},"end":{"line":32,"column":4}},"3":{"start":{"line":42,"column":2},"end":{"line":48,"column":3}},"4":{"start":{"line":43,"column":4},"end":{"line":47,"column":6}},"5":{"start":{"line":50,"column":2},"end":{"line":58,"column":3}},"6":{"start":{"line":51,"column":4},"end":{"line":57,"column":6}},"7":{"start":{"line":60,"column":2},"end":{"line":66,"column":3}},"8":{"start":{"line":61,"column":4},"end":{"line":65,"column":6}},"9":{"start":{"line":68,"column":2},"end":{"line":83,"column":4}},"10":{"start":{"line":71,"column":30},"end":{"line":71,"column":37}},"11":{"start":{"line":74,"column":8},"end":{"line":80,"column":15}}},"fnMap":{"0":{"name":"ExercisesScreen","decl":{"start":{"line":11,"column":24},"end":{"line":11,"column":39}},"loc":{"start":{"line":11,"column":42},"end":{"line":33,"column":1}},"line":11},"1":{"name":"ExerciseList","decl":{"start":{"line":41,"column":9},"end":{"line":41,"column":21}},"loc":{"start":{"line":41,"column":74},"end":{"line":84,"column":1}},"line":41},"2":{"name":"(anonymous_2)","decl":{"start":{"line":71,"column":20},"end":{"line":71,"column":21}},"loc":{"start":{"line":71,"column":30},"end":{"line":71,"column":37}},"line":71},"3":{"name":"(anonymous_3)","decl":{"start":{"line":73,"column":18},"end":{"line":73,"column":19}},"loc":{"start":{"line":74,"column":8},"end":{"line":80,"column":15}},"line":74}},"branchMap":{"0":{"loc":{"start":{"line":42,"column":2},"end":{"line":48,"column":3}},"type":"if","locations":[{"start":{"line":42,"column":2},"end":{"line":48,"column":3}},{"start":{},"end":{}}],"line":42},"1":{"loc":{"start":{"line":50,"column":2},"end":{"line":58,"column":3}},"type":"if","locations":[{"start":{"line":50,"column":2},"end":{"line":58,"column":3}},{"start":{},"end":{}}],"line":50},"2":{"loc":{"start":{"line":60,"column":2},"end":{"line":66,"column":3}},"type":"if","locations":[{"start":{"line":60,"column":2},"end":{"line":66,"column":3}},{"start":{},"end":{}}],"line":60},"3":{"loc":{"start":{"line":60,"column":6},"end":{"line":60,"column":42}},"type":"binary-expr","locations":[{"start":{"line":60,"column":6},"end":{"line":60,"column":16}},{"start":{"line":60,"column":20},"end":{"line":60,"column":42}}],"line":60},"4":{"loc":{"start":{"line":78,"column":13},"end":{"line":78,"column":40}},"type":"binary-expr","locations":[{"start":{"line":78,"column":13},"end":{"line":78,"column":29}},{"start":{"line":78,"column":33},"end":{"line":78,"column":40}}],"line":78}},"s":{"0":0,"1":0,"2":0,"3":0,"4":0,"5":0,"6":0,"7":0,"8":0,"9":0,"10":0,"11":0},"f":{"0":0,"1":0,"2":0,"3":0},"b":{"0":[0,0],"1":[0,0],"2":[0,0],"3":[0,0],"4":[0,0]}}
,"C:\\Users\\vitor\\Faculdadade\\ProjetoFit\\apps\\mobile\\app\\(tabs)\\leaderboard.tsx": {"path":"C:\\Users\\vitor\\Faculdadade\\ProjetoFit\\apps\\mobile\\app\\(tabs)\\leaderboard.tsx","statementMap":{"0":{"start":{"line":6,"column":48},"end":{"line":6,"column":64}},"1":{"start":{"line":7,"column":38},"end":{"line":7,"column":53}},"2":{"start":{"line":9,"column":20},"end":{"line":13,"column":3}},"3":{"start":{"line":10,"column":4},"end":{"line":10,"column":24}},"4":{"start":{"line":11,"column":4},"end":{"line":11,"column":20}},"5":{"start":{"line":12,"column":4},"end":{"line":12,"column":25}},"6":{"start":{"line":15,"column":2},"end":{"line":21,"column":3}},"7":{"start":{"line":16,"column":4},"end":{"line":20,"column":6}},"8":{"start":{"line":23,"column":2},"end":{"line":61,"column":4}},"9":{"start":{"line":36,"column":34},"end":{"line":36,"column":45}},"10":{"start":{"line":46,"column":12},"end":{"line":56,"column":19}}},"fnMap":{"0":{"name":"LeaderboardScreen","decl":{"start":{"line":5,"column":24},"end":{"line":5,"column":41}},"loc":{"start":{"line":5,"column":44},"end":{"line":62,"column":1}},"line":5},"1":{"name":"(anonymous_1)","decl":{"start":{"line":9,"column":20},"end":{"line":9,"column":21}},"loc":{"start":{"line":9,"column":32},"end":{"line":13,"column":3}},"line":9},"2":{"name":"(anonymous_2)","decl":{"start":{"line":36,"column":24},"end":{"line":36,"column":25}},"loc":{"start":{"line":36,"column":34},"end":{"line":36,"column":45}},"line":36},"3":{"name":"(anonymous_3)","decl":{"start":{"line":45,"column":22},"end":{"line":45,"column":23}},"loc":{"start":{"line":46,"column":12},"end":{"line":56,"column":19}},"line":46}},"branchMap":{"0":{"loc":{"start":{"line":15,"column":2},"end":{"line":21,"column":3}},"type":"if","locations":[{"start":{"line":15,"column":2},"end":{"line":21,"column":3}},{"start":{},"end":{}}],"line":15},"1":{"loc":{"start":{"line":15,"column":6},"end":{"line":15,"column":27}},"type":"binary-expr","locations":[{"start":{"line":15,"column":6},"end":{"line":15,"column":15}},{"start":{"line":15,"column":19},"end":{"line":15,"column":27}}],"line":15},"2":{"loc":{"start":{"line":29,"column":7},"end":{"line":59,"column":7}},"type":"cond-expr","locations":[{"start":{"line":30,"column":8},"end":{"line":32,"column":15}},{"start":{"line":34,"column":8},"end":{"line":58,"column":10}}],"line":29},"3":{"loc":{"start":{"line":29,"column":7},"end":{"line":29,"column":39}},"type":"binary-expr","locations":[{"start":{"line":29,"column":7},"end":{"line":29,"column":15}},{"start":{"line":29,"column":19},"end":{"line":29,"column":39}}],"line":29},"4":{"loc":{"start":{"line":53,"column":19},"end":{"line":53,"column":40}},"type":"binary-expr","locations":[{"start":{"line":53,"column":19},"end":{"line":53,"column":35}},{"start":{"line":53,"column":39},"end":{"line":53,"column":40}}],"line":53}},"s":{"0":0,"1":0,"2":0,"3":0,"4":0,"5":0,"6":0,"7":0,"8":0,"9":0,"10":0},"f":{"0":0,"1":0,"2":0,"3":0},"b":{"0":[0,0],"1":[0,0],"2":[0,0],"3":[0,0],"4":[0,0]}}
,"C:\\Users\\vitor\\Faculdadade\\ProjetoFit\\apps\\mobile\\app\\(tabs)\\profile.tsx": {"path":"C:\\Users\\vitor\\Faculdadade\\ProjetoFit\\apps\\mobile\\app\\(tabs)\\profile.tsx","statementMap":{"0":{"start":{"line":8,"column":17},"end":{"line":8,"column":28}},"1":{"start":{"line":9,"column":36},"end":{"line":9,"column":48}},"2":{"start":{"line":11,"column":40},"end":{"line":11,"column":52}},"3":{"start":{"line":13,"column":23},"end":{"line":22,"column":3}},"4":{"start":{"line":14,"column":4},"end":{"line":20,"column":5}},"5":{"start":{"line":15,"column":6},"end":{"line":15,"column":33}},"6":{"start":{"line":18,"column":6},"end":{"line":18,"column":64}},"7":{"start":{"line":19,"column":6},"end":{"line":19,"column":13}},"8":{"start":{"line":21,"column":4},"end":{"line":21,"column":36}},"9":{"start":{"line":24,"column":2},"end":{"line":30,"column":3}},"10":{"start":{"line":25,"column":4},"end":{"line":29,"column":6}},"11":{"start":{"line":32,"column":2},"end":{"line":96,"column":4}}},"fnMap":{"0":{"name":"ProfileScreen","decl":{"start":{"line":7,"column":24},"end":{"line":7,"column":37}},"loc":{"start":{"line":7,"column":40},"end":{"line":97,"column":1}},"line":7},"1":{"name":"(anonymous_1)","decl":{"start":{"line":13,"column":23},"end":{"line":13,"column":24}},"loc":{"start":{"line":13,"column":35},"end":{"line":22,"column":3}},"line":13}},"branchMap":{"0":{"loc":{"start":{"line":24,"column":2},"end":{"line":30,"column":3}},"type":"if","locations":[{"start":{"line":24,"column":2},"end":{"line":30,"column":3}},{"start":{},"end":{}}],"line":24},"1":{"loc":{"start":{"line":38,"column":7},"end":{"line":94,"column":7}},"type":"cond-expr","locations":[{"start":{"line":39,"column":8},"end":{"line":89,"column":15}},{"start":{"line":91,"column":8},"end":{"line":93,"column":15}}],"line":38},"2":{"loc":{"start":{"line":43,"column":13},"end":{"line":45,"column":13}},"type":"binary-expr","locations":[{"start":{"line":43,"column":13},"end":{"line":43,"column":21}},{"start":{"line":44,"column":14},"end":{"line":44,"column":76}}],"line":43},"3":{"loc":{"start":{"line":54,"column":19},"end":{"line":54,"column":46}},"type":"binary-expr","locations":[{"start":{"line":54,"column":19},"end":{"line":54,"column":41}},{"start":{"line":54,"column":45},"end":{"line":54,"column":46}}],"line":54},"4":{"loc":{"start":{"line":60,"column":19},"end":{"line":60,"column":40}},"type":"binary-expr","locations":[{"start":{"line":60,"column":19},"end":{"line":60,"column":35}},{"start":{"line":60,"column":39},"end":{"line":60,"column":40}}],"line":60},"5":{"loc":{"start":{"line":66,"column":20},"end":{"line":66,"column":47}},"type":"binary-expr","locations":[{"start":{"line":66,"column":20},"end":{"line":66,"column":40}},{"start":{"line":66,"column":44},"end":{"line":66,"column":47}}],"line":66},"6":{"loc":{"start":{"line":72,"column":11},"end":{"line":79,"column":18}},"type":"cond-expr","locations":[{"start":{"line":73,"column":12},"end":{"line":78,"column":19}},{"start":{"line":79,"column":14},"end":{"line":79,"column":18}}],"line":72}},"s":{"0":0,"1":0,"2":0,"3":0,"4":0,"5":0,"6":0,"7":0,"8":0,"9":0,"10":0,"11":0},"f":{"0":0,"1":0},"b":{"0":[0,0],"1":[0,0],"2":[0,0],"3":[0,0],"4":[0,0],"5":[0,0],"6":[0,0]}}
,"C:\\Users\\vitor\\Faculdadade\\ProjetoFit\\apps\\mobile\\app\\(tabs)\\workouts.tsx": {"path":"C:\\Users\\vitor\\Faculdadade\\ProjetoFit\\apps\\mobile\\app\\(tabs)\\workouts.tsx","statementMap":{"0":{"start":{"line":5,"column":44},"end":{"line":5,"column":54}},"1":{"start":{"line":7,"column":2},"end":{"line":13,"column":3}},"2":{"start":{"line":8,"column":4},"end":{"line":12,"column":6}},"3":{"start":{"line":15,"column":2},"end":{"line":21,"column":3}},"4":{"start":{"line":16,"column":4},"end":{"line":20,"column":6}},"5":{"start":{"line":23,"column":2},"end":{"line":55,"column":4}},"6":{"start":{"line":36,"column":34},"end":{"line":36,"column":41}},"7":{"start":{"line":39,"column":12},"end":{"line":50,"column":24}}},"fnMap":{"0":{"name":"WorkoutsScreen","decl":{"start":{"line":4,"column":24},"end":{"line":4,"column":38}},"loc":{"start":{"line":4,"column":41},"end":{"line":56,"column":1}},"line":4},"1":{"name":"(anonymous_1)","decl":{"start":{"line":36,"column":24},"end":{"line":36,"column":25}},"loc":{"start":{"line":36,"column":34},"end":{"line":36,"column":41}},"line":36},"2":{"name":"(anonymous_2)","decl":{"start":{"line":38,"column":22},"end":{"line":38,"column":23}},"loc":{"start":{"line":39,"column":12},"end":{"line":50,"column":24}},"line":39}},"branchMap":{"0":{"loc":{"start":{"line":7,"column":2},"end":{"line":13,"column":3}},"type":"if","locations":[{"start":{"line":7,"column":2},"end":{"line":13,"column":3}},{"start":{},"end":{}}],"line":7},"1":{"loc":{"start":{"line":15,"column":2},"end":{"line":21,"column":3}},"type":"if","locations":[{"start":{"line":15,"column":2},"end":{"line":21,"column":3}},{"start":{},"end":{}}],"line":15},"2":{"loc":{"start":{"line":29,"column":7},"end":{"line":53,"column":7}},"type":"cond-expr","locations":[{"start":{"line":30,"column":8},"end":{"line":32,"column":15}},{"start":{"line":34,"column":8},"end":{"line":52,"column":10}}],"line":29},"3":{"loc":{"start":{"line":29,"column":7},"end":{"line":29,"column":35}},"type":"binary-expr","locations":[{"start":{"line":29,"column":7},"end":{"line":29,"column":13}},{"start":{"line":29,"column":17},"end":{"line":29,"column":35}}],"line":29},"4":{"loc":{"start":{"line":44,"column":19},"end":{"line":44,"column":43}},"type":"binary-expr","locations":[{"start":{"line":44,"column":19},"end":{"line":44,"column":38}},{"start":{"line":44,"column":42},"end":{"line":44,"column":43}}],"line":44},"5":{"loc":{"start":{"line":47,"column":28},"end":{"line":47,"column":58}},"type":"cond-expr","locations":[{"start":{"line":47,"column":44},"end":{"line":47,"column":50}},{"start":{"line":47,"column":53},"end":{"line":47,"column":58}}],"line":47}},"s":{"0":0,"1":0,"2":0,"3":0,"4":0,"5":0,"6":0,"7":0},"f":{"0":0,"1":0,"2":0},"b":{"0":[0,0],"1":[0,0],"2":[0,0],"3":[0,0],"4":[0,0],"5":[0,0]}}
,"C:\\Users\\vitor\\Faculdadade\\ProjetoFit\\apps\\mobile\\lib\\api.ts": {"path":"C:\\Users\\vitor\\Faculdadade\\ProjetoFit\\apps\\mobile\\lib\\api.ts","statementMap":{"0":{"start":{"line":5,"column":21},"end":{"line":5,"column":79}},"1":{"start":{"line":8,"column":24},"end":{"line":8,"column":25}},"2":{"start":{"line":10,"column":30},"end":{"line":13,"column":2}},"3":{"start":{"line":18,"column":4},"end":{"line":18,"column":19}},"4":{"start":{"line":19,"column":4},"end":{"line":19,"column":38}},"5":{"start":{"line":28,"column":2},"end":{"line":32,"column":3}},"6":{"start":{"line":29,"column":4},"end":{"line":29,"column":31}},"7":{"start":{"line":36,"column":19},"end":{"line":41,"column":2}},"8":{"start":{"line":43,"column":0},"end":{"line":52,"column":2}},"9":{"start":{"line":45,"column":18},"end":{"line":45,"column":47}},"10":{"start":{"line":46,"column":4},"end":{"line":48,"column":5}},"11":{"start":{"line":47,"column":6},"end":{"line":47,"column":55}},"12":{"start":{"line":49,"column":4},"end":{"line":49,"column":18}},"13":{"start":{"line":51,"column":13},"end":{"line":51,"column":34}},"14":{"start":{"line":54,"column":0},"end":{"line":100,"column":2}},"15":{"start":{"line":55,"column":16},"end":{"line":55,"column":24}},"16":{"start":{"line":57,"column":28},"end":{"line":59,"column":17}},"17":{"start":{"line":61,"column":4},"end":{"line":63,"column":5}},"18":{"start":{"line":62,"column":6},"end":{"line":62,"column":35}},"19":{"start":{"line":65,"column":23},"end":{"line":65,"column":55}},"20":{"start":{"line":66,"column":4},"end":{"line":69,"column":5}},"21":{"start":{"line":67,"column":6},"end":{"line":67,"column":33}},"22":{"start":{"line":68,"column":6},"end":{"line":68,"column":55}},"23":{"start":{"line":71,"column":4},"end":{"line":71,"column":49}},"24":{"start":{"line":73,"column":4},"end":{"line":98,"column":5}},"25":{"start":{"line":74,"column":27},"end":{"line":74,"column":63}},"26":{"start":{"line":75,"column":6},"end":{"line":77,"column":7}},"27":{"start":{"line":76,"column":8},"end":{"line":76,"column":40}},"28":{"start":{"line":79,"column":23},"end":{"line":81,"column":8}},"29":{"start":{"line":84,"column":21},"end":{"line":84,"column":67}},"30":{"start":{"line":85,"column":6},"end":{"line":87,"column":7}},"31":{"start":{"line":86,"column":8},"end":{"line":86,"column":71}},"32":{"start":{"line":89,"column":6},"end":{"line":89,"column":53}},"33":{"start":{"line":90,"column":6},"end":{"line":92,"column":7}},"34":{"start":{"line":91,"column":8},"end":{"line":91,"column":69}},"35":{"start":{"line":94,"column":6},"end":{"line":94,"column":34}},"36":{"start":{"line":96,"column":6},"end":{"line":96,"column":33}},"37":{"start":{"line":97,"column":6},"end":{"line":97,"column":55}}},"fnMap":{"0":{"name":"(anonymous_0)","decl":{"start":{"line":17,"column":2},"end":{"line":17,"column":3}},"loc":{"start":{"line":17,"column":66},"end":{"line":20,"column":3}},"line":17},"1":{"name":"clearTokensQuietly","decl":{"start":{"line":27,"column":15},"end":{"line":27,"column":33}},"loc":{"start":{"line":27,"column":51},"end":{"line":33,"column":1}},"line":27},"2":{"name":"(anonymous_2)","decl":{"start":{"line":44,"column":2},"end":{"line":44,"column":3}},"loc":{"start":{"line":44,"column":20},"end":{"line":50,"column":3}},"line":44},"3":{"name":"(anonymous_3)","decl":{"start":{"line":51,"column":2},"end":{"line":51,"column":3}},"loc":{"start":{"line":51,"column":13},"end":{"line":51,"column":34}},"line":51},"4":{"name":"(anonymous_4)","decl":{"start":{"line":55,"column":2},"end":{"line":55,"column":3}},"loc":{"start":{"line":55,"column":16},"end":{"line":55,"column":24}},"line":55},"5":{"name":"(anonymous_5)","decl":{"start":{"line":56,"column":2},"end":{"line":56,"column":3}},"loc":{"start":{"line":56,"column":31},"end":{"line":99,"column":3}},"line":56}},"branchMap":{"0":{"loc":{"start":{"line":5,"column":21},"end":{"line":5,"column":79}},"type":"binary-expr","locations":[{"start":{"line":5,"column":21},"end":{"line":5,"column":52}},{"start":{"line":5,"column":56},"end":{"line":5,"column":79}}],"line":5},"1":{"loc":{"start":{"line":17,"column":14},"end":{"line":17,"column":64}},"type":"default-arg","locations":[{"start":{"line":17,"column":24},"end":{"line":17,"column":64}}],"line":17},"2":{"loc":{"start":{"line":46,"column":4},"end":{"line":48,"column":5}},"type":"if","locations":[{"start":{"line":46,"column":4},"end":{"line":48,"column":5}},{"start":{},"end":{}}],"line":46},"3":{"loc":{"start":{"line":61,"column":4},"end":{"line":63,"column":5}},"type":"if","locations":[{"start":{"line":61,"column":4},"end":{"line":63,"column":5}},{"start":{},"end":{}}],"line":61},"4":{"loc":{"start":{"line":61,"column":8},"end":{"line":61,"column":58}},"type":"binary-expr","locations":[{"start":{"line":61,"column":8},"end":{"line":61,"column":24}},{"start":{"line":61,"column":28},"end":{"line":61,"column":58}}],"line":61},"5":{"loc":{"start":{"line":65,"column":23},"end":{"line":65,"column":55}},"type":"binary-expr","locations":[{"start":{"line":65,"column":23},"end":{"line":65,"column":50}},{"start":{"line":65,"column":54},"end":{"line":65,"column":55}}],"line":65},"6":{"loc":{"start":{"line":66,"column":4},"end":{"line":69,"column":5}},"type":"if","locations":[{"start":{"line":66,"column":4},"end":{"line":69,"column":5}},{"start":{},"end":{}}],"line":66},"7":{"loc":{"start":{"line":75,"column":6},"end":{"line":77,"column":7}},"type":"if","locations":[{"start":{"line":75,"column":6},"end":{"line":77,"column":7}},{"start":{},"end":{}}],"line":75},"8":{"loc":{"start":{"line":85,"column":6},"end":{"line":87,"column":7}},"type":"if","locations":[{"start":{"line":85,"column":6},"end":{"line":87,"column":7}},{"start":{},"end":{}}],"line":85},"9":{"loc":{"start":{"line":90,"column":6},"end":{"line":92,"column":7}},"type":"if","locations":[{"start":{"line":90,"column":6},"end":{"line":92,"column":7}},{"start":{},"end":{}}],"line":90}},"s":{"0":1,"1":1,"2":1,"3":8,"4":8,"5":5,"6":5,"7":1,"8":1,"9":13,"10":13,"11":12,"12":13,"13":0,"14":1,"15":4,"16":9,"17":9,"18":1,"19":8,"20":8,"21":1,"22":1,"23":7,"24":7,"25":7,"26":7,"27":2,"28":5,"29":4,"30":4,"31":1,"32":3,"33":3,"34":1,"35":3,"36":4,"37":4},"f":{"0":8,"1":5,"2":13,"3":0,"4":4,"5":9},"b":{"0":[1,1],"1":[7],"2":[12,1],"3":[1,8],"4":[9,9],"5":[8,7],"6":[1,7],"7":[2,5],"8":[1,3],"9":[1,2]},"_coverageSchema":"1a1c01bbd47fc00a2c39e90264f33305004495a9","hash":"9859b88f5e7ef176d91f151c5cf1d4aced0e37c6"}
,"C:\\Users\\vitor\\Faculdadade\\ProjetoFit\\apps\\mobile\\lib\\errors.ts": {"path":"C:\\Users\\vitor\\Faculdadade\\ProjetoFit\\apps\\mobile\\lib\\errors.ts","statementMap":{"0":{"start":{"line":9,"column":2},"end":{"line":11,"column":3}},"1":{"start":{"line":10,"column":4},"end":{"line":10,"column":25}},"2":{"start":{"line":13,"column":2},"end":{"line":28,"column":3}},"3":{"start":{"line":14,"column":23},"end":{"line":14,"column":52}},"4":{"start":{"line":15,"column":4},"end":{"line":17,"column":5}},"5":{"start":{"line":16,"column":6},"end":{"line":16,"column":24}},"6":{"start":{"line":19,"column":4},"end":{"line":21,"column":5}},"7":{"start":{"line":20,"column":6},"end":{"line":20,"column":42}},"8":{"start":{"line":23,"column":4},"end":{"line":25,"column":5}},"9":{"start":{"line":24,"column":6},"end":{"line":24,"column":60}},"10":{"start":{"line":27,"column":4},"end":{"line":27,"column":55}},"11":{"start":{"line":30,"column":2},"end":{"line":32,"column":3}},"12":{"start":{"line":31,"column":4},"end":{"line":31,"column":25}},"13":{"start":{"line":34,"column":2},"end":{"line":34,"column":45}}},"fnMap":{"0":{"name":"getAuthErrorMessage","decl":{"start":{"line":8,"column":16},"end":{"line":8,"column":35}},"loc":{"start":{"line":8,"column":60},"end":{"line":35,"column":1}},"line":8}},"branchMap":{"0":{"loc":{"start":{"line":9,"column":2},"end":{"line":11,"column":3}},"type":"if","locations":[{"start":{"line":9,"column":2},"end":{"line":11,"column":3}},{"start":{},"end":{}}],"line":9},"1":{"loc":{"start":{"line":13,"column":2},"end":{"line":28,"column":3}},"type":"if","locations":[{"start":{"line":13,"column":2},"end":{"line":28,"column":3}},{"start":{},"end":{}}],"line":13},"2":{"loc":{"start":{"line":15,"column":4},"end":{"line":17,"column":5}},"type":"if","locations":[{"start":{"line":15,"column":4},"end":{"line":17,"column":5}},{"start":{},"end":{}}],"line":15},"3":{"loc":{"start":{"line":15,"column":8},"end":{"line":15,"column":63}},"type":"binary-expr","locations":[{"start":{"line":15,"column":8},"end":{"line":15,"column":38}},{"start":{"line":15,"column":42},"end":{"line":15,"column":63}}],"line":15},"4":{"loc":{"start":{"line":19,"column":4},"end":{"line":21,"column":5}},"type":"if","locations":[{"start":{"line":19,"column":4},"end":{"line":21,"column":5}},{"start":{},"end":{}}],"line":19},"5":{"loc":{"start":{"line":23,"column":4},"end":{"line":25,"column":5}},"type":"if","locations":[{"start":{"line":23,"column":4},"end":{"line":25,"column":5}},{"start":{},"end":{}}],"line":23},"6":{"loc":{"start":{"line":30,"column":2},"end":{"line":32,"column":3}},"type":"if","locations":[{"start":{"line":30,"column":2},"end":{"line":32,"column":3}},{"start":{},"end":{}}],"line":30},"7":{"loc":{"start":{"line":30,"column":6},"end":{"line":30,"column":45}},"type":"binary-expr","locations":[{"start":{"line":30,"column":6},"end":{"line":30,"column":28}},{"start":{"line":30,"column":32},"end":{"line":30,"column":45}}],"line":30}},"s":{"0":12,"1":1,"2":11,"3":6,"4":6,"5":2,"6":4,"7":2,"8":2,"9":1,"10":1,"11":5,"12":4,"13":1},"f":{"0":12},"b":{"0":[1,11],"1":[6,5],"2":[2,4],"3":[6,2],"4":[2,2],"5":[1,1],"6":[4,1],"7":[5,4]},"_coverageSchema":"1a1c01bbd47fc00a2c39e90264f33305004495a9","hash":"e437cc61fed5a116036de246e956a54205a84e83"}
,"C:\\Users\\vitor\\Faculdadade\\ProjetoFit\\apps\\mobile\\lib\\hooks.ts": {"path":"C:\\Users\\vitor\\Faculdadade\\ProjetoFit\\apps\\mobile\\lib\\hooks.ts","statementMap":{"0":{"start":{"line":5,"column":2},"end":{"line":11,"column":5}},"1":{"start":{"line":8,"column":23},"end":{"line":8,"column":50}},"2":{"start":{"line":9,"column":6},"end":{"line":9,"column":18}},"3":{"start":{"line":15,"column":2},"end":{"line":23,"column":5}},"4":{"start":{"line":18,"column":23},"end":{"line":20,"column":8}},"5":{"start":{"line":21,"column":6},"end":{"line":21,"column":18}},"6":{"start":{"line":27,"column":2},"end":{"line":34,"column":5}},"7":{"start":{"line":30,"column":23},"end":{"line":30,"column":56}},"8":{"start":{"line":31,"column":6},"end":{"line":31,"column":18}},"9":{"start":{"line":38,"column":2},"end":{"line":44,"column":5}},"10":{"start":{"line":41,"column":23},"end":{"line":41,"column":53}},"11":{"start":{"line":42,"column":6},"end":{"line":42,"column":18}},"12":{"start":{"line":48,"column":2},"end":{"line":54,"column":5}},"13":{"start":{"line":51,"column":23},"end":{"line":51,"column":60}},"14":{"start":{"line":52,"column":6},"end":{"line":52,"column":18}}},"fnMap":{"0":{"name":"usePlans","decl":{"start":{"line":4,"column":16},"end":{"line":4,"column":24}},"loc":{"start":{"line":4,"column":27},"end":{"line":12,"column":1}},"line":4},"1":{"name":"(anonymous_1)","decl":{"start":{"line":7,"column":13},"end":{"line":7,"column":14}},"loc":{"start":{"line":7,"column":25},"end":{"line":10,"column":5}},"line":7},"2":{"name":"useExercises","decl":{"start":{"line":14,"column":16},"end":{"line":14,"column":28}},"loc":{"start":{"line":14,"column":46},"end":{"line":24,"column":1}},"line":14},"3":{"name":"(anonymous_3)","decl":{"start":{"line":17,"column":13},"end":{"line":17,"column":14}},"loc":{"start":{"line":17,"column":25},"end":{"line":22,"column":5}},"line":17},"4":{"name":"useLeaderboard","decl":{"start":{"line":26,"column":16},"end":{"line":26,"column":30}},"loc":{"start":{"line":26,"column":33},"end":{"line":35,"column":1}},"line":26},"5":{"name":"(anonymous_5)","decl":{"start":{"line":29,"column":13},"end":{"line":29,"column":14}},"loc":{"start":{"line":29,"column":25},"end":{"line":32,"column":5}},"line":29},"6":{"name":"useProfile","decl":{"start":{"line":37,"column":16},"end":{"line":37,"column":26}},"loc":{"start":{"line":37,"column":29},"end":{"line":45,"column":1}},"line":37},"7":{"name":"(anonymous_7)","decl":{"start":{"line":40,"column":13},"end":{"line":40,"column":14}},"loc":{"start":{"line":40,"column":25},"end":{"line":43,"column":5}},"line":40},"8":{"name":"usePlanDetail","decl":{"start":{"line":47,"column":16},"end":{"line":47,"column":29}},"loc":{"start":{"line":47,"column":46},"end":{"line":55,"column":1}},"line":47},"9":{"name":"(anonymous_9)","decl":{"start":{"line":50,"column":13},"end":{"line":50,"column":14}},"loc":{"start":{"line":50,"column":25},"end":{"line":53,"column":5}},"line":50}},"branchMap":{},"s":{"0":0,"1":0,"2":0,"3":0,"4":0,"5":0,"6":0,"7":0,"8":0,"9":0,"10":0,"11":0,"12":0,"13":0,"14":0},"f":{"0":0,"1":0,"2":0,"3":0,"4":0,"5":0,"6":0,"7":0,"8":0,"9":0},"b":{}}
,"C:\\Users\\vitor\\Faculdadade\\ProjetoFit\\apps\\mobile\\lib\\storage.ts": {"path":"C:\\Users\\vitor\\Faculdadade\\ProjetoFit\\apps\\mobile\\lib\\storage.ts","statementMap":{"0":{"start":{"line":3,"column":18},"end":{"line":3,"column":30}},"1":{"start":{"line":4,"column":26},"end":{"line":4,"column":41}},"2":{"start":{"line":9,"column":4},"end":{"line":9,"column":28}},"3":{"start":{"line":10,"column":4},"end":{"line":10,"column":36}},"4":{"start":{"line":14,"column":28},"end":{"line":63,"column":1}},"5":{"start":{"line":16,"column":4},"end":{"line":22,"column":5}},"6":{"start":{"line":17,"column":6},"end":{"line":17,"column":55}},"7":{"start":{"line":19,"column":6},"end":{"line":21,"column":9}},"8":{"start":{"line":27,"column":4},"end":{"line":31,"column":5}},"9":{"start":{"line":28,"column":6},"end":{"line":28,"column":55}},"10":{"start":{"line":30,"column":6},"end":{"line":30,"column":18}},"11":{"start":{"line":35,"column":4},"end":{"line":41,"column":5}},"12":{"start":{"line":36,"column":6},"end":{"line":36,"column":63}},"13":{"start":{"line":38,"column":6},"end":{"line":40,"column":9}},"14":{"start":{"line":45,"column":4},"end":{"line":49,"column":5}},"15":{"start":{"line":46,"column":6},"end":{"line":46,"column":63}},"16":{"start":{"line":48,"column":6},"end":{"line":48,"column":18}},"17":{"start":{"line":54,"column":4},"end":{"line":61,"column":5}},"18":{"start":{"line":55,"column":6},"end":{"line":55,"column":51}},"19":{"start":{"line":56,"column":6},"end":{"line":56,"column":59}},"20":{"start":{"line":58,"column":6},"end":{"line":60,"column":9}}},"fnMap":{"0":{"name":"(anonymous_0)","decl":{"start":{"line":8,"column":2},"end":{"line":8,"column":3}},"loc":{"start":{"line":8,"column":62},"end":{"line":11,"column":3}},"line":8},"1":{"name":"(anonymous_1)","decl":{"start":{"line":15,"column":2},"end":{"line":15,"column":3}},"loc":{"start":{"line":15,"column":47},"end":{"line":23,"column":3}},"line":15},"2":{"name":"(anonymous_2)","decl":{"start":{"line":26,"column":2},"end":{"line":26,"column":3}},"loc":{"start":{"line":26,"column":43},"end":{"line":32,"column":3}},"line":26},"3":{"name":"(anonymous_3)","decl":{"start":{"line":34,"column":2},"end":{"line":34,"column":3}},"loc":{"start":{"line":34,"column":54},"end":{"line":42,"column":3}},"line":34},"4":{"name":"(anonymous_4)","decl":{"start":{"line":44,"column":2},"end":{"line":44,"column":3}},"loc":{"start":{"line":44,"column":50},"end":{"line":50,"column":3}},"line":44},"5":{"name":"(anonymous_5)","decl":{"start":{"line":53,"column":2},"end":{"line":53,"column":3}},"loc":{"start":{"line":53,"column":31},"end":{"line":62,"column":3}},"line":53}},"branchMap":{},"s":{"0":2,"1":2,"2":3,"3":3,"4":2,"5":2,"6":2,"7":1,"8":3,"9":3,"10":1,"11":0,"12":0,"13":0,"14":0,"15":0,"16":0,"17":2,"18":2,"19":1,"20":1},"f":{"0":3,"1":2,"2":3,"3":0,"4":0,"5":2},"b":{},"_coverageSchema":"1a1c01bbd47fc00a2c39e90264f33305004495a9","hash":"e0f7d32f652f00e1069cd5dbc2040c44f5bae074"}
}
