TN:
SF:app\_layout.tsx
FN:8,RootLayout
FNF:1
FNH:0
FNDA:0,RootLayout
DA:6,0
DA:9,0
LF:2
LH:0
BRF:0
BRH:0
end_of_record
TN:
SF:app\index.tsx
FN:5,RootIndex
FN:8,(anonymous_1)
FN:9,checkAuth
FNF:3
FNH:0
FNDA:0,RootIndex
FNDA:0,(anonymous_1)
FNDA:0,checkAuth
DA:6,0
DA:8,0
DA:10,0
DA:11,0
DA:14,0
DA:17,0
LF:6
LH:0
BRDA:11,0,0,0
BRDA:11,0,1,0
BRF:2
BRH:0
end_of_record
TN:
SF:app\(auth)\_layout.tsx
FN:3,AuthLayout
FNF:1
FNH:0
FNDA:0,AuthLayout
DA:4,0
LF:1
LH:0
BRF:0
BRH:0
end_of_record
TN:
SF:app\(auth)\index.tsx
FN:4,AuthIndex
FN:7,(anonymous_1)
FNF:2
FNH:0
FNDA:0,AuthIndex
FNDA:0,(anonymous_1)
DA:5,0
DA:7,0
DA:8,0
DA:11,0
LF:4
LH:0
BRF:0
BRH:0
end_of_record
TN:
SF:app\(auth)\login.tsx
FN:19,LoginScreen
FN:26,(anonymous_1)
FN:113,(anonymous_2)
FNF:3
FNH:2
FNDA:35,LoginScreen
FNDA:9,(anonymous_1)
FNDA:0,(anonymous_2)
DA:9,1
DA:14,1
DA:20,35
DA:21,35
DA:22,35
DA:23,35
DA:24,35
DA:26,35
DA:27,9
DA:28,9
DA:29,3
DA:30,3
DA:33,6
DA:34,6
DA:36,6
DA:37,6
DA:38,4
DA:39,4
DA:40,1
DA:43,3
DA:44,3
DA:45,1
DA:48,3
DA:50,3
DA:52,6
DA:56,35
DA:113,0
LF:27
LH:26
BRDA:28,0,0,3
BRDA:28,0,1,6
BRDA:39,1,0,1
BRDA:39,1,1,3
BRDA:44,2,0,1
BRDA:44,2,1,2
BRDA:61,3,0,6
BRDA:61,3,1,29
BRDA:104,4,0,1
BRDA:104,4,1,34
BRF:10
BRH:10
end_of_record
TN:
SF:app\(auth)\signup.tsx
FN:20,SignupScreen
FN:28,(anonymous_1)
FN:126,(anonymous_2)
FNF:3
FNH:2
FNDA:27,SignupScreen
FNDA:6,(anonymous_1)
FNDA:0,(anonymous_2)
DA:9,1
DA:15,1
DA:21,27
DA:22,27
DA:23,27
DA:24,27
DA:25,27
DA:26,27
DA:28,27
DA:29,6
DA:30,6
DA:31,3
DA:32,3
DA:35,3
DA:36,3
DA:38,3
DA:39,3
DA:40,2
DA:41,2
DA:42,1
DA:45,1
DA:46,1
DA:47,0
DA:50,1
DA:52,2
DA:54,3
DA:58,27
DA:126,0
LF:28
LH:26
BRDA:30,0,0,3
BRDA:30,0,1,3
BRDA:41,1,0,1
BRDA:41,1,1,1
BRDA:46,2,0,0
BRDA:46,2,1,1
BRDA:63,3,0,5
BRDA:63,3,1,22
BRDA:117,4,0,0
BRDA:117,4,1,27
BRF:10
BRH:8
end_of_record
TN:
SF:app\(tabs)\_layout.tsx
FN:4,TabsLayout
FN:22,(anonymous_1)
FN:29,(anonymous_2)
FN:36,(anonymous_3)
FN:43,(anonymous_4)
FNF:5
FNH:0
FNDA:0,TabsLayout
FNDA:0,(anonymous_1)
FNDA:0,(anonymous_2)
FNDA:0,(anonymous_3)
FNDA:0,(anonymous_4)
DA:5,0
DA:22,0
DA:29,0
DA:36,0
DA:43,0
LF:5
LH:0
BRF:0
BRH:0
end_of_record
TN:
SF:app\(tabs)\exercises.tsx
FN:11,ExercisesScreen
FN:41,ExerciseList
FN:71,(anonymous_2)
FN:73,(anonymous_3)
FNF:4
FNH:0
FNDA:0,ExercisesScreen
FNDA:0,ExerciseList
FNDA:0,(anonymous_2)
FNDA:0,(anonymous_3)
DA:12,0
DA:13,0
DA:15,0
DA:42,0
DA:43,0
DA:50,0
DA:51,0
DA:60,0
DA:61,0
DA:68,0
DA:71,0
DA:74,0
LF:12
LH:0
BRDA:42,0,0,0
BRDA:42,0,1,0
BRDA:50,1,0,0
BRDA:50,1,1,0
BRDA:60,2,0,0
BRDA:60,2,1,0
BRDA:60,3,0,0
BRDA:60,3,1,0
BRDA:78,4,0,0
BRDA:78,4,1,0
BRF:10
BRH:0
end_of_record
TN:
SF:app\(tabs)\leaderboard.tsx
FN:5,LeaderboardScreen
FN:9,(anonymous_1)
FN:36,(anonymous_2)
FN:45,(anonymous_3)
FNF:4
FNH:0
FNDA:0,LeaderboardScreen
FNDA:0,(anonymous_1)
FNDA:0,(anonymous_2)
FNDA:0,(anonymous_3)
DA:6,0
DA:7,0
DA:9,0
DA:10,0
DA:11,0
DA:12,0
DA:15,0
DA:16,0
DA:23,0
DA:36,0
DA:46,0
LF:11
LH:0
BRDA:15,0,0,0
BRDA:15,0,1,0
BRDA:15,1,0,0
BRDA:15,1,1,0
BRDA:29,2,0,0
BRDA:29,2,1,0
BRDA:29,3,0,0
BRDA:29,3,1,0
BRDA:53,4,0,0
BRDA:53,4,1,0
BRF:10
BRH:0
end_of_record
TN:
SF:app\(tabs)\profile.tsx
FN:7,ProfileScreen
FN:13,(anonymous_1)
FNF:2
FNH:0
FNDA:0,ProfileScreen
FNDA:0,(anonymous_1)
DA:8,0
DA:9,0
DA:11,0
DA:13,0
DA:14,0
DA:15,0
DA:18,0
DA:19,0
DA:21,0
DA:24,0
DA:25,0
DA:32,0
LF:12
LH:0
BRDA:24,0,0,0
BRDA:24,0,1,0
BRDA:38,1,0,0
BRDA:38,1,1,0
BRDA:43,2,0,0
BRDA:43,2,1,0
BRDA:54,3,0,0
BRDA:54,3,1,0
BRDA:60,4,0,0
BRDA:60,4,1,0
BRDA:66,5,0,0
BRDA:66,5,1,0
BRDA:72,6,0,0
BRDA:72,6,1,0
BRF:14
BRH:0
end_of_record
TN:
SF:app\(tabs)\workouts.tsx
FN:4,WorkoutsScreen
FN:36,(anonymous_1)
FN:38,(anonymous_2)
FNF:3
FNH:0
FNDA:0,WorkoutsScreen
FNDA:0,(anonymous_1)
FNDA:0,(anonymous_2)
DA:5,0
DA:7,0
DA:8,0
DA:15,0
DA:16,0
DA:23,0
DA:36,0
DA:39,0
LF:8
LH:0
BRDA:7,0,0,0
BRDA:7,0,1,0
BRDA:15,1,0,0
BRDA:15,1,1,0
BRDA:29,2,0,0
BRDA:29,2,1,0
BRDA:29,3,0,0
BRDA:29,3,1,0
BRDA:44,4,0,0
BRDA:44,4,1,0
BRDA:47,5,0,0
BRDA:47,5,1,0
BRF:12
BRH:0
end_of_record
TN:
SF:lib\api.ts
FN:17,(anonymous_0)
FN:27,clearTokensQuietly
FN:44,(anonymous_2)
FN:51,(anonymous_3)
FN:55,(anonymous_4)
FN:56,(anonymous_5)
FNF:6
FNH:5
FNDA:8,(anonymous_0)
FNDA:5,clearTokensQuietly
FNDA:13,(anonymous_2)
FNDA:0,(anonymous_3)
FNDA:4,(anonymous_4)
FNDA:9,(anonymous_5)
DA:5,1
DA:8,1
DA:10,1
DA:18,8
DA:19,8
DA:28,5
DA:29,5
DA:36,1
DA:43,1
DA:45,13
DA:46,13
DA:47,12
DA:49,13
DA:51,0
DA:54,1
DA:55,4
DA:57,9
DA:61,9
DA:62,1
DA:65,8
DA:66,8
DA:67,1
DA:68,1
DA:71,7
DA:73,7
DA:74,7
DA:75,7
DA:76,2
DA:79,5
DA:84,4
DA:85,4
DA:86,1
DA:89,3
DA:90,3
DA:91,1
DA:94,3
DA:96,4
DA:97,4
LF:38
LH:37
BRDA:5,0,0,1
BRDA:5,0,1,1
BRDA:17,1,0,7
BRDA:46,2,0,12
BRDA:46,2,1,1
BRDA:61,3,0,1
BRDA:61,3,1,8
BRDA:61,4,0,9
BRDA:61,4,1,9
BRDA:65,5,0,8
BRDA:65,5,1,7
BRDA:66,6,0,1
BRDA:66,6,1,7
BRDA:75,7,0,2
BRDA:75,7,1,5
BRDA:85,8,0,1
BRDA:85,8,1,3
BRDA:90,9,0,1
BRDA:90,9,1,2
BRF:19
BRH:19
end_of_record
TN:
SF:lib\errors.ts
FN:8,getAuthErrorMessage
FNF:1
FNH:1
FNDA:12,getAuthErrorMessage
DA:9,12
DA:10,1
DA:13,11
DA:14,6
DA:15,6
DA:16,2
DA:19,4
DA:20,2
DA:23,2
DA:24,1
DA:27,1
DA:30,5
DA:31,4
DA:34,1
LF:14
LH:14
BRDA:9,0,0,1
BRDA:9,0,1,11
BRDA:13,1,0,6
BRDA:13,1,1,5
BRDA:15,2,0,2
BRDA:15,2,1,4
BRDA:15,3,0,6
BRDA:15,3,1,2
BRDA:19,4,0,2
BRDA:19,4,1,2
BRDA:23,5,0,1
BRDA:23,5,1,1
BRDA:30,6,0,4
BRDA:30,6,1,1
BRDA:30,7,0,5
BRDA:30,7,1,4
BRF:16
BRH:16
end_of_record
TN:
SF:lib\hooks.ts
FN:4,usePlans
FN:7,(anonymous_1)
FN:14,useExercises
FN:17,(anonymous_3)
FN:26,useLeaderboard
FN:29,(anonymous_5)
FN:37,useProfile
FN:40,(anonymous_7)
FN:47,usePlanDetail
FN:50,(anonymous_9)
FNF:10
FNH:0
FNDA:0,usePlans
FNDA:0,(anonymous_1)
FNDA:0,useExercises
FNDA:0,(anonymous_3)
FNDA:0,useLeaderboard
FNDA:0,(anonymous_5)
FNDA:0,useProfile
FNDA:0,(anonymous_7)
FNDA:0,usePlanDetail
FNDA:0,(anonymous_9)
DA:5,0
DA:8,0
DA:9,0
DA:15,0
DA:18,0
DA:21,0
DA:27,0
DA:30,0
DA:31,0
DA:38,0
DA:41,0
DA:42,0
DA:48,0
DA:51,0
DA:52,0
LF:15
LH:0
BRF:0
BRH:0
end_of_record
TN:
SF:lib\storage.ts
FN:8,(anonymous_0)
FN:15,(anonymous_1)
FN:26,(anonymous_2)
FN:34,(anonymous_3)
FN:44,(anonymous_4)
FN:53,(anonymous_5)
FNF:6
FNH:4
FNDA:3,(anonymous_0)
FNDA:2,(anonymous_1)
FNDA:3,(anonymous_2)
FNDA:0,(anonymous_3)
FNDA:0,(anonymous_4)
FNDA:2,(anonymous_5)
DA:3,2
DA:4,2
DA:9,3
DA:10,3
DA:14,2
DA:16,2
DA:17,2
DA:19,1
DA:27,3
DA:28,3
DA:30,1
DA:35,0
DA:36,0
DA:38,0
DA:45,0
DA:46,0
DA:48,0
DA:54,2
DA:55,2
DA:56,1
DA:58,1
LF:21
LH:15
BRF:0
BRH:0
end_of_record
